15:29:06 **** Incremental Build of configuration gcc-debug for project veins ****
make MODE=debug CONFIGNAME=gcc-debug all 
make[1]: Entering directory `/home/fyp-its/Insaf/its2-0_insaf/fixed_lane_its2_final2_traffic_model/veins/src'
veins/modules/application/traci/TraCIDemo11p.cc
In file included from ./veins/modules/mobility/traci/TraCIMobility.h:34:0,
                 from ./veins/modules/application/traci/TraCIDemo11p.h:25,
                 from veins/modules/application/traci/TraCIDemo11p.cc:21:
./veins/modules/mobility/traci/TraCICommandInterface.h: In constructor ‘Veins::TraCICommandInterface::Vehicle::Vehicle(Veins::TraCICommandInterface*, std::string)’:
./veins/modules/mobility/traci/TraCICommandInterface.h:73:28: warning: ‘Veins::TraCICommandInterface::Vehicle::traci’ will be initialized after [-Wreorder]
     TraCICommandInterface* traci;
                            ^
./veins/modules/mobility/traci/TraCICommandInterface.h:70:17: warning:   ‘std::string Veins::TraCICommandInterface::Vehicle::nodeId’ [-Wreorder]
     std::string nodeId;
                 ^
./veins/modules/mobility/traci/TraCICommandInterface.h:36:5: warning:   when initialized here [-Wreorder]
     Vehicle(TraCICommandInterface* traci, std::string nodeId) : traci(traci), nodeId(nodeId) {
     ^
Creating shared library: ../out/gcc-debug/src/libveins.so
make[1]: Leaving directory `/home/fyp-its/Insaf/its2-0_insaf/fixed_lane_its2_final2_traffic_model/veins/src'

15:29:08 Build Finished (took 1s.713ms)

